{"numFailedTestSuites":1,"numFailedTests":7,"numPassedTestSuites":0,"numPassedTests":11,"numPendingTestSuites":0,"numPendingTests":0,"numRuntimeErrorTestSuites":0,"numTodoTests":0,"numTotalTestSuites":1,"numTotalTests":18,"openHandles":[],"snapshot":{"added":0,"didUpdate":false,"failure":false,"filesAdded":0,"filesRemoved":0,"filesRemovedList":[],"filesUnmatched":0,"filesUpdated":0,"matched":0,"total":0,"unchecked":0,"uncheckedKeysByFile":[],"unmatched":0,"updated":0},"startTime":1772432462800,"success":false,"testResults":[{"assertionResults":[{"ancestorTitles":["CategoryService.createCategory"],"duration":4,"failing":false,"failureDetails":[],"failureMessages":[],"fullName":"CategoryService.createCategory should create a category and return it","invocations":1,"location":null,"numPassingAsserts":2,"retryReasons":[],"startAt":1772432468063,"status":"passed","title":"should create a category and return it"},{"ancestorTitles":["CategoryService.createCategory"],"duration":0,"failing":false,"failureDetails":[],"failureMessages":[],"fullName":"CategoryService.createCategory should invalidate cache after creation","invocations":1,"location":null,"numPassingAsserts":1,"retryReasons":[],"startAt":1772432468068,"status":"passed","title":"should invalidate cache after creation"},{"ancestorTitles":["CategoryService.getPublicCategory"],"duration":0,"failing":false,"failureDetails":[],"failureMessages":[],"fullName":"CategoryService.getPublicCategory should return a category when found by slug","invocations":1,"location":null,"numPassingAsserts":2,"retryReasons":[],"startAt":1772432468069,"status":"passed","title":"should return a category when found by slug"},{"ancestorTitles":["CategoryService.getPublicCategory"],"duration":8,"failing":false,"failureDetails":[{"matcherResult":{"message":"\u001b[2mexpect(\u001b[22m\u001b[31mreceived\u001b[39m\u001b[2m).\u001b[22mrejects\u001b[2m.\u001b[22mtoMatchObject\u001b[2m(\u001b[22m\u001b[32mexpected\u001b[39m\u001b[2m)\u001b[22m\n\n\u001b[32m- Expected  - 4\u001b[39m\n\u001b[31m+ Received  + 1\u001b[39m\n\n\u001b[32m- Object {\u001b[39m\n\u001b[32m-   \"message\": \"Category not found\",\u001b[39m\n\u001b[32m-   \"statusCode\": 404,\u001b[39m\n\u001b[32m- }\u001b[39m\n\u001b[31m+ [AppError: Category not found]\u001b[39m","pass":false},"message":"\u001b[2mexpect(\u001b[22m\u001b[31mreceived\u001b[39m\u001b[2m).\u001b[22mrejects\u001b[2m.\u001b[22mtoMatchObject\u001b[2m(\u001b[22m\u001b[32mexpected\u001b[39m\u001b[2m)\u001b[22m\n\n\u001b[32m- Expected  - 4\u001b[39m\n\u001b[31m+ Received  + 1\u001b[39m\n\n\u001b[32m- Object {\u001b[39m\n\u001b[32m-   \"message\": \"Category not found\",\u001b[39m\n\u001b[32m-   \"statusCode\": 404,\u001b[39m\n\u001b[32m- }\u001b[39m\n\u001b[31m+ [AppError: Category not found]\u001b[39m"}],"failureMessages":["Error: \u001b[2mexpect(\u001b[22m\u001b[31mreceived\u001b[39m\u001b[2m).\u001b[22mrejects\u001b[2m.\u001b[22mtoMatchObject\u001b[2m(\u001b[22m\u001b[32mexpected\u001b[39m\u001b[2m)\u001b[22m\n\n\u001b[32m- Expected  - 4\u001b[39m\n\u001b[31m+ Received  + 1\u001b[39m\n\n\u001b[32m- Object {\u001b[39m\n\u001b[32m-   \"message\": \"Category not found\",\u001b[39m\n\u001b[32m-   \"statusCode\": 404,\u001b[39m\n\u001b[32m- }\u001b[39m\n\u001b[31m+ [AppError: Category not found]\u001b[39m\n    at Object.toMatchObject (C:\\Projects\\Other-Projects\\z-news\\z-news-server\\node_modules\\.pnpm\\expect@30.2.0\\node_modules\\expect\\build\\index.js:2155:20)\n    at Object.<anonymous> (C:\\Projects\\Other-Projects\\z-news\\z-news-server\\src\\app\\modules\\category\\__tests__\\category.service.test.ts:85:15)\n    at Promise.finally.completed (C:\\Projects\\Other-Projects\\z-news\\z-news-server\\node_modules\\.pnpm\\jest-circus@30.2.0\\node_modules\\jest-circus\\build\\jestAdapterInit.js:1557:28)\n    at new Promise (<anonymous>)\n    at callAsyncCircusFn (C:\\Projects\\Other-Projects\\z-news\\z-news-server\\node_modules\\.pnpm\\jest-circus@30.2.0\\node_modules\\jest-circus\\build\\jestAdapterInit.js:1497:10)\n    at _callCircusTest (C:\\Projects\\Other-Projects\\z-news\\z-news-server\\node_modules\\.pnpm\\jest-circus@30.2.0\\node_modules\\jest-circus\\build\\jestAdapterInit.js:1007:40)\n    at async _runTest (C:\\Projects\\Other-Projects\\z-news\\z-news-server\\node_modules\\.pnpm\\jest-circus@30.2.0\\node_modules\\jest-circus\\build\\jestAdapterInit.js:947:3)\n    at async C:\\Projects\\Other-Projects\\z-news\\z-news-server\\node_modules\\.pnpm\\jest-circus@30.2.0\\node_modules\\jest-circus\\build\\jestAdapterInit.js:849:7\n    at async _runTestsForDescribeBlock (C:\\Projects\\Other-Projects\\z-news\\z-news-server\\node_modules\\.pnpm\\jest-circus@30.2.0\\node_modules\\jest-circus\\build\\jestAdapterInit.js:862:11)\n    at async _runTestsForDescribeBlock (C:\\Projects\\Other-Projects\\z-news\\z-news-server\\node_modules\\.pnpm\\jest-circus@30.2.0\\node_modules\\jest-circus\\build\\jestAdapterInit.js:857:11)\n    at async run (C:\\Projects\\Other-Projects\\z-news\\z-news-server\\node_modules\\.pnpm\\jest-circus@30.2.0\\node_modules\\jest-circus\\build\\jestAdapterInit.js:761:3)\n    at async runAndTransformResultsToJestFormat (C:\\Projects\\Other-Projects\\z-news\\z-news-server\\node_modules\\.pnpm\\jest-circus@30.2.0\\node_modules\\jest-circus\\build\\jestAdapterInit.js:1918:21)\n    at async jestAdapter (C:\\Projects\\Other-Projects\\z-news\\z-news-server\\node_modules\\.pnpm\\jest-circus@30.2.0\\node_modules\\jest-circus\\build\\runner.js:101:19)\n    at async runTestInternal (C:\\Projects\\Other-Projects\\z-news\\z-news-server\\node_modules\\.pnpm\\jest-runner@30.2.0\\node_modules\\jest-runner\\build\\index.js:275:16)\n    at async runTest (C:\\Projects\\Other-Projects\\z-news\\z-news-server\\node_modules\\.pnpm\\jest-runner@30.2.0\\node_modules\\jest-runner\\build\\index.js:343:7)"],"fullName":"CategoryService.getPublicCategory should throw 404 AppError when slug not found","invocations":1,"location":null,"numPassingAsserts":0,"retryReasons":[],"startAt":1772432468070,"status":"failed","title":"should throw 404 AppError when slug not found"},{"ancestorTitles":["CategoryService.getCategory"],"duration":1,"failing":false,"failureDetails":[],"failureMessages":[],"fullName":"CategoryService.getCategory should return a category when found by id","invocations":1,"location":null,"numPassingAsserts":1,"retryReasons":[],"startAt":1772432468082,"status":"passed","title":"should return a category when found by id"},{"ancestorTitles":["CategoryService.getCategory"],"duration":2,"failing":false,"failureDetails":[{"matcherResult":{"message":"\u001b[2mexpect(\u001b[22m\u001b[31mreceived\u001b[39m\u001b[2m).\u001b[22mrejects\u001b[2m.\u001b[22mtoMatchObject\u001b[2m(\u001b[22m\u001b[32mexpected\u001b[39m\u001b[2m)\u001b[22m\n\n\u001b[32m- Expected  - 3\u001b[39m\n\u001b[31m+ Received  + 1\u001b[39m\n\n\u001b[32m- Object {\u001b[39m\n\u001b[32m-   \"statusCode\": 404,\u001b[39m\n\u001b[32m- }\u001b[39m\n\u001b[31m+ [AppError: Category not found]\u001b[39m","pass":false},"message":"\u001b[2mexpect(\u001b[22m\u001b[31mreceived\u001b[39m\u001b[2m).\u001b[22mrejects\u001b[2m.\u001b[22mtoMatchObject\u001b[2m(\u001b[22m\u001b[32mexpected\u001b[39m\u001b[2m)\u001b[22m\n\n\u001b[32m- Expected  - 3\u001b[39m\n\u001b[31m+ Received  + 1\u001b[39m\n\n\u001b[32m- Object {\u001b[39m\n\u001b[32m-   \"statusCode\": 404,\u001b[39m\n\u001b[32m- }\u001b[39m\n\u001b[31m+ [AppError: Category not found]\u001b[39m"}],"failureMessages":["Error: \u001b[2mexpect(\u001b[22m\u001b[31mreceived\u001b[39m\u001b[2m).\u001b[22mrejects\u001b[2m.\u001b[22mtoMatchObject\u001b[2m(\u001b[22m\u001b[32mexpected\u001b[39m\u001b[2m)\u001b[22m\n\n\u001b[32m- Expected  - 3\u001b[39m\n\u001b[31m+ Received  + 1\u001b[39m\n\n\u001b[32m- Object {\u001b[39m\n\u001b[32m-   \"statusCode\": 404,\u001b[39m\n\u001b[32m- }\u001b[39m\n\u001b[31m+ [AppError: Category not found]\u001b[39m\n    at Object.toMatchObject (C:\\Projects\\Other-Projects\\z-news\\z-news-server\\node_modules\\.pnpm\\expect@30.2.0\\node_modules\\expect\\build\\index.js:2155:20)\n    at Object.<anonymous> (C:\\Projects\\Other-Projects\\z-news\\z-news-server\\src\\app\\modules\\category\\__tests__\\category.service.test.ts:111:15)\n    at Promise.finally.completed (C:\\Projects\\Other-Projects\\z-news\\z-news-server\\node_modules\\.pnpm\\jest-circus@30.2.0\\node_modules\\jest-circus\\build\\jestAdapterInit.js:1557:28)\n    at new Promise (<anonymous>)\n    at callAsyncCircusFn (C:\\Projects\\Other-Projects\\z-news\\z-news-server\\node_modules\\.pnpm\\jest-circus@30.2.0\\node_modules\\jest-circus\\build\\jestAdapterInit.js:1497:10)\n    at _callCircusTest (C:\\Projects\\Other-Projects\\z-news\\z-news-server\\node_modules\\.pnpm\\jest-circus@30.2.0\\node_modules\\jest-circus\\build\\jestAdapterInit.js:1007:40)\n    at async _runTest (C:\\Projects\\Other-Projects\\z-news\\z-news-server\\node_modules\\.pnpm\\jest-circus@30.2.0\\node_modules\\jest-circus\\build\\jestAdapterInit.js:947:3)\n    at async C:\\Projects\\Other-Projects\\z-news\\z-news-server\\node_modules\\.pnpm\\jest-circus@30.2.0\\node_modules\\jest-circus\\build\\jestAdapterInit.js:849:7\n    at async _runTestsForDescribeBlock (C:\\Projects\\Other-Projects\\z-news\\z-news-server\\node_modules\\.pnpm\\jest-circus@30.2.0\\node_modules\\jest-circus\\build\\jestAdapterInit.js:862:11)\n    at async _runTestsForDescribeBlock (C:\\Projects\\Other-Projects\\z-news\\z-news-server\\node_modules\\.pnpm\\jest-circus@30.2.0\\node_modules\\jest-circus\\build\\jestAdapterInit.js:857:11)\n    at async run (C:\\Projects\\Other-Projects\\z-news\\z-news-server\\node_modules\\.pnpm\\jest-circus@30.2.0\\node_modules\\jest-circus\\build\\jestAdapterInit.js:761:3)\n    at async runAndTransformResultsToJestFormat (C:\\Projects\\Other-Projects\\z-news\\z-news-server\\node_modules\\.pnpm\\jest-circus@30.2.0\\node_modules\\jest-circus\\build\\jestAdapterInit.js:1918:21)\n    at async jestAdapter (C:\\Projects\\Other-Projects\\z-news\\z-news-server\\node_modules\\.pnpm\\jest-circus@30.2.0\\node_modules\\jest-circus\\build\\runner.js:101:19)\n    at async runTestInternal (C:\\Projects\\Other-Projects\\z-news\\z-news-server\\node_modules\\.pnpm\\jest-runner@30.2.0\\node_modules\\jest-runner\\build\\index.js:275:16)\n    at async runTest (C:\\Projects\\Other-Projects\\z-news\\z-news-server\\node_modules\\.pnpm\\jest-runner@30.2.0\\node_modules\\jest-runner\\build\\index.js:343:7)"],"fullName":"CategoryService.getCategory should throw 404 when id not found","invocations":1,"location":null,"numPassingAsserts":0,"retryReasons":[],"startAt":1772432468083,"status":"failed","title":"should throw 404 when id not found"},{"ancestorTitles":["CategoryService.updateCategory"],"duration":1,"failing":false,"failureDetails":[],"failureMessages":[],"fullName":"CategoryService.updateCategory should update and return updated category","invocations":1,"location":null,"numPassingAsserts":3,"retryReasons":[],"startAt":1772432468085,"status":"passed","title":"should update and return updated category"},{"ancestorTitles":["CategoryService.updateCategory"],"duration":2,"failing":false,"failureDetails":[{"matcherResult":{"message":"\u001b[2mexpect(\u001b[22m\u001b[31mreceived\u001b[39m\u001b[2m).\u001b[22mrejects\u001b[2m.\u001b[22mtoMatchObject\u001b[2m(\u001b[22m\u001b[32mexpected\u001b[39m\u001b[2m)\u001b[22m\n\n\u001b[32m- Expected  - 3\u001b[39m\n\u001b[31m+ Received  + 1\u001b[39m\n\n\u001b[32m- Object {\u001b[39m\n\u001b[32m-   \"statusCode\": 404,\u001b[39m\n\u001b[32m- }\u001b[39m\n\u001b[31m+ [AppError: Category not found]\u001b[39m","pass":false},"message":"\u001b[2mexpect(\u001b[22m\u001b[31mreceived\u001b[39m\u001b[2m).\u001b[22mrejects\u001b[2m.\u001b[22mtoMatchObject\u001b[2m(\u001b[22m\u001b[32mexpected\u001b[39m\u001b[2m)\u001b[22m\n\n\u001b[32m- Expected  - 3\u001b[39m\n\u001b[31m+ Received  + 1\u001b[39m\n\n\u001b[32m- Object {\u001b[39m\n\u001b[32m-   \"statusCode\": 404,\u001b[39m\n\u001b[32m- }\u001b[39m\n\u001b[31m+ [AppError: Category not found]\u001b[39m"}],"failureMessages":["Error: \u001b[2mexpect(\u001b[22m\u001b[31mreceived\u001b[39m\u001b[2m).\u001b[22mrejects\u001b[2m.\u001b[22mtoMatchObject\u001b[2m(\u001b[22m\u001b[32mexpected\u001b[39m\u001b[2m)\u001b[22m\n\n\u001b[32m- Expected  - 3\u001b[39m\n\u001b[31m+ Received  + 1\u001b[39m\n\n\u001b[32m- Object {\u001b[39m\n\u001b[32m-   \"statusCode\": 404,\u001b[39m\n\u001b[32m- }\u001b[39m\n\u001b[31m+ [AppError: Category not found]\u001b[39m\n    at Object.toMatchObject (C:\\Projects\\Other-Projects\\z-news\\z-news-server\\node_modules\\.pnpm\\expect@30.2.0\\node_modules\\expect\\build\\index.js:2155:20)\n    at Object.<anonymous> (C:\\Projects\\Other-Projects\\z-news\\z-news-server\\src\\app\\modules\\category\\__tests__\\category.service.test.ts:149:15)\n    at Promise.finally.completed (C:\\Projects\\Other-Projects\\z-news\\z-news-server\\node_modules\\.pnpm\\jest-circus@30.2.0\\node_modules\\jest-circus\\build\\jestAdapterInit.js:1557:28)\n    at new Promise (<anonymous>)\n    at callAsyncCircusFn (C:\\Projects\\Other-Projects\\z-news\\z-news-server\\node_modules\\.pnpm\\jest-circus@30.2.0\\node_modules\\jest-circus\\build\\jestAdapterInit.js:1497:10)\n    at _callCircusTest (C:\\Projects\\Other-Projects\\z-news\\z-news-server\\node_modules\\.pnpm\\jest-circus@30.2.0\\node_modules\\jest-circus\\build\\jestAdapterInit.js:1007:40)\n    at async _runTest (C:\\Projects\\Other-Projects\\z-news\\z-news-server\\node_modules\\.pnpm\\jest-circus@30.2.0\\node_modules\\jest-circus\\build\\jestAdapterInit.js:947:3)\n    at async C:\\Projects\\Other-Projects\\z-news\\z-news-server\\node_modules\\.pnpm\\jest-circus@30.2.0\\node_modules\\jest-circus\\build\\jestAdapterInit.js:849:7\n    at async _runTestsForDescribeBlock (C:\\Projects\\Other-Projects\\z-news\\z-news-server\\node_modules\\.pnpm\\jest-circus@30.2.0\\node_modules\\jest-circus\\build\\jestAdapterInit.js:862:11)\n    at async _runTestsForDescribeBlock (C:\\Projects\\Other-Projects\\z-news\\z-news-server\\node_modules\\.pnpm\\jest-circus@30.2.0\\node_modules\\jest-circus\\build\\jestAdapterInit.js:857:11)\n    at async run (C:\\Projects\\Other-Projects\\z-news\\z-news-server\\node_modules\\.pnpm\\jest-circus@30.2.0\\node_modules\\jest-circus\\build\\jestAdapterInit.js:761:3)\n    at async runAndTransformResultsToJestFormat (C:\\Projects\\Other-Projects\\z-news\\z-news-server\\node_modules\\.pnpm\\jest-circus@30.2.0\\node_modules\\jest-circus\\build\\jestAdapterInit.js:1918:21)\n    at async jestAdapter (C:\\Projects\\Other-Projects\\z-news\\z-news-server\\node_modules\\.pnpm\\jest-circus@30.2.0\\node_modules\\jest-circus\\build\\runner.js:101:19)\n    at async runTestInternal (C:\\Projects\\Other-Projects\\z-news\\z-news-server\\node_modules\\.pnpm\\jest-runner@30.2.0\\node_modules\\jest-runner\\build\\index.js:275:16)\n    at async runTest (C:\\Projects\\Other-Projects\\z-news\\z-news-server\\node_modules\\.pnpm\\jest-runner@30.2.0\\node_modules\\jest-runner\\build\\index.js:343:7)"],"fullName":"CategoryService.updateCategory should throw 404 if category does not exist","invocations":1,"location":null,"numPassingAsserts":0,"retryReasons":[],"startAt":1772432468086,"status":"failed","title":"should throw 404 if category does not exist"},{"ancestorTitles":["CategoryService.updateCategories"],"duration":1,"failing":false,"failureDetails":[],"failureMessages":[],"fullName":"CategoryService.updateCategories should update found categories and report not-found ids","invocations":1,"location":null,"numPassingAsserts":2,"retryReasons":[],"startAt":1772432468089,"status":"passed","title":"should update found categories and report not-found ids"},{"ancestorTitles":["CategoryService.deleteCategory"],"duration":1,"failing":false,"failureDetails":[],"failureMessages":[],"fullName":"CategoryService.deleteCategory should call softDelete on the found category","invocations":1,"location":null,"numPassingAsserts":1,"retryReasons":[],"startAt":1772432468091,"status":"passed","title":"should call softDelete on the found category"},{"ancestorTitles":["CategoryService.deleteCategory"],"duration":2,"failing":false,"failureDetails":[{"matcherResult":{"message":"\u001b[2mexpect(\u001b[22m\u001b[31mreceived\u001b[39m\u001b[2m).\u001b[22mrejects\u001b[2m.\u001b[22mtoMatchObject\u001b[2m(\u001b[22m\u001b[32mexpected\u001b[39m\u001b[2m)\u001b[22m\n\n\u001b[32m- Expected  - 3\u001b[39m\n\u001b[31m+ Received  + 1\u001b[39m\n\n\u001b[32m- Object {\u001b[39m\n\u001b[32m-   \"statusCode\": 404,\u001b[39m\n\u001b[32m- }\u001b[39m\n\u001b[31m+ [AppError: Category not found]\u001b[39m","pass":false},"message":"\u001b[2mexpect(\u001b[22m\u001b[31mreceived\u001b[39m\u001b[2m).\u001b[22mrejects\u001b[2m.\u001b[22mtoMatchObject\u001b[2m(\u001b[22m\u001b[32mexpected\u001b[39m\u001b[2m)\u001b[22m\n\n\u001b[32m- Expected  - 3\u001b[39m\n\u001b[31m+ Received  + 1\u001b[39m\n\n\u001b[32m- Object {\u001b[39m\n\u001b[32m-   \"statusCode\": 404,\u001b[39m\n\u001b[32m- }\u001b[39m\n\u001b[31m+ [AppError: Category not found]\u001b[39m"}],"failureMessages":["Error: \u001b[2mexpect(\u001b[22m\u001b[31mreceived\u001b[39m\u001b[2m).\u001b[22mrejects\u001b[2m.\u001b[22mtoMatchObject\u001b[2m(\u001b[22m\u001b[32mexpected\u001b[39m\u001b[2m)\u001b[22m\n\n\u001b[32m- Expected  - 3\u001b[39m\n\u001b[31m+ Received  + 1\u001b[39m\n\n\u001b[32m- Object {\u001b[39m\n\u001b[32m-   \"statusCode\": 404,\u001b[39m\n\u001b[32m- }\u001b[39m\n\u001b[31m+ [AppError: Category not found]\u001b[39m\n    at Object.toMatchObject (C:\\Projects\\Other-Projects\\z-news\\z-news-server\\node_modules\\.pnpm\\expect@30.2.0\\node_modules\\expect\\build\\index.js:2155:20)\n    at Object.<anonymous> (C:\\Projects\\Other-Projects\\z-news\\z-news-server\\src\\app\\modules\\category\\__tests__\\category.service.test.ts:200:15)\n    at Promise.finally.completed (C:\\Projects\\Other-Projects\\z-news\\z-news-server\\node_modules\\.pnpm\\jest-circus@30.2.0\\node_modules\\jest-circus\\build\\jestAdapterInit.js:1557:28)\n    at new Promise (<anonymous>)\n    at callAsyncCircusFn (C:\\Projects\\Other-Projects\\z-news\\z-news-server\\node_modules\\.pnpm\\jest-circus@30.2.0\\node_modules\\jest-circus\\build\\jestAdapterInit.js:1497:10)\n    at _callCircusTest (C:\\Projects\\Other-Projects\\z-news\\z-news-server\\node_modules\\.pnpm\\jest-circus@30.2.0\\node_modules\\jest-circus\\build\\jestAdapterInit.js:1007:40)\n    at async _runTest (C:\\Projects\\Other-Projects\\z-news\\z-news-server\\node_modules\\.pnpm\\jest-circus@30.2.0\\node_modules\\jest-circus\\build\\jestAdapterInit.js:947:3)\n    at async C:\\Projects\\Other-Projects\\z-news\\z-news-server\\node_modules\\.pnpm\\jest-circus@30.2.0\\node_modules\\jest-circus\\build\\jestAdapterInit.js:849:7\n    at async _runTestsForDescribeBlock (C:\\Projects\\Other-Projects\\z-news\\z-news-server\\node_modules\\.pnpm\\jest-circus@30.2.0\\node_modules\\jest-circus\\build\\jestAdapterInit.js:862:11)\n    at async _runTestsForDescribeBlock (C:\\Projects\\Other-Projects\\z-news\\z-news-server\\node_modules\\.pnpm\\jest-circus@30.2.0\\node_modules\\jest-circus\\build\\jestAdapterInit.js:857:11)\n    at async run (C:\\Projects\\Other-Projects\\z-news\\z-news-server\\node_modules\\.pnpm\\jest-circus@30.2.0\\node_modules\\jest-circus\\build\\jestAdapterInit.js:761:3)\n    at async runAndTransformResultsToJestFormat (C:\\Projects\\Other-Projects\\z-news\\z-news-server\\node_modules\\.pnpm\\jest-circus@30.2.0\\node_modules\\jest-circus\\build\\jestAdapterInit.js:1918:21)\n    at async jestAdapter (C:\\Projects\\Other-Projects\\z-news\\z-news-server\\node_modules\\.pnpm\\jest-circus@30.2.0\\node_modules\\jest-circus\\build\\runner.js:101:19)\n    at async runTestInternal (C:\\Projects\\Other-Projects\\z-news\\z-news-server\\node_modules\\.pnpm\\jest-runner@30.2.0\\node_modules\\jest-runner\\build\\index.js:275:16)\n    at async runTest (C:\\Projects\\Other-Projects\\z-news\\z-news-server\\node_modules\\.pnpm\\jest-runner@30.2.0\\node_modules\\jest-runner\\build\\index.js:343:7)"],"fullName":"CategoryService.deleteCategory should throw 404 when category not found","invocations":1,"location":null,"numPassingAsserts":0,"retryReasons":[],"startAt":1772432468092,"status":"failed","title":"should throw 404 when category not found"},{"ancestorTitles":["CategoryService.deleteCategoryPermanent"],"duration":1,"failing":false,"failureDetails":[],"failureMessages":[],"fullName":"CategoryService.deleteCategoryPermanent should hard-delete a category that exists","invocations":1,"location":null,"numPassingAsserts":1,"retryReasons":[],"startAt":1772432468096,"status":"passed","title":"should hard-delete a category that exists"},{"ancestorTitles":["CategoryService.deleteCategoryPermanent"],"duration":2,"failing":false,"failureDetails":[{"matcherResult":{"message":"\u001b[2mexpect(\u001b[22m\u001b[31mreceived\u001b[39m\u001b[2m).\u001b[22mrejects\u001b[2m.\u001b[22mtoMatchObject\u001b[2m(\u001b[22m\u001b[32mexpected\u001b[39m\u001b[2m)\u001b[22m\n\n\u001b[32m- Expected  - 3\u001b[39m\n\u001b[31m+ Received  + 1\u001b[39m\n\n\u001b[32m- Object {\u001b[39m\n\u001b[32m-   \"statusCode\": 404,\u001b[39m\n\u001b[32m- }\u001b[39m\n\u001b[31m+ [AppError: Category not found]\u001b[39m","pass":false},"message":"\u001b[2mexpect(\u001b[22m\u001b[31mreceived\u001b[39m\u001b[2m).\u001b[22mrejects\u001b[2m.\u001b[22mtoMatchObject\u001b[2m(\u001b[22m\u001b[32mexpected\u001b[39m\u001b[2m)\u001b[22m\n\n\u001b[32m- Expected  - 3\u001b[39m\n\u001b[31m+ Received  + 1\u001b[39m\n\n\u001b[32m- Object {\u001b[39m\n\u001b[32m-   \"statusCode\": 404,\u001b[39m\n\u001b[32m- }\u001b[39m\n\u001b[31m+ [AppError: Category not found]\u001b[39m"}],"failureMessages":["Error: \u001b[2mexpect(\u001b[22m\u001b[31mreceived\u001b[39m\u001b[2m).\u001b[22mrejects\u001b[2m.\u001b[22mtoMatchObject\u001b[2m(\u001b[22m\u001b[32mexpected\u001b[39m\u001b[2m)\u001b[22m\n\n\u001b[32m- Expected  - 3\u001b[39m\n\u001b[31m+ Received  + 1\u001b[39m\n\n\u001b[32m- Object {\u001b[39m\n\u001b[32m-   \"statusCode\": 404,\u001b[39m\n\u001b[32m- }\u001b[39m\n\u001b[31m+ [AppError: Category not found]\u001b[39m\n    at Object.toMatchObject (C:\\Projects\\Other-Projects\\z-news\\z-news-server\\node_modules\\.pnpm\\expect@30.2.0\\node_modules\\expect\\build\\index.js:2155:20)\n    at Object.<anonymous> (C:\\Projects\\Other-Projects\\z-news\\z-news-server\\src\\app\\modules\\category\\__tests__\\category.service.test.ts:229:15)\n    at Promise.finally.completed (C:\\Projects\\Other-Projects\\z-news\\z-news-server\\node_modules\\.pnpm\\jest-circus@30.2.0\\node_modules\\jest-circus\\build\\jestAdapterInit.js:1557:28)\n    at new Promise (<anonymous>)\n    at callAsyncCircusFn (C:\\Projects\\Other-Projects\\z-news\\z-news-server\\node_modules\\.pnpm\\jest-circus@30.2.0\\node_modules\\jest-circus\\build\\jestAdapterInit.js:1497:10)\n    at _callCircusTest (C:\\Projects\\Other-Projects\\z-news\\z-news-server\\node_modules\\.pnpm\\jest-circus@30.2.0\\node_modules\\jest-circus\\build\\jestAdapterInit.js:1007:40)\n    at async _runTest (C:\\Projects\\Other-Projects\\z-news\\z-news-server\\node_modules\\.pnpm\\jest-circus@30.2.0\\node_modules\\jest-circus\\build\\jestAdapterInit.js:947:3)\n    at async C:\\Projects\\Other-Projects\\z-news\\z-news-server\\node_modules\\.pnpm\\jest-circus@30.2.0\\node_modules\\jest-circus\\build\\jestAdapterInit.js:849:7\n    at async _runTestsForDescribeBlock (C:\\Projects\\Other-Projects\\z-news\\z-news-server\\node_modules\\.pnpm\\jest-circus@30.2.0\\node_modules\\jest-circus\\build\\jestAdapterInit.js:862:11)\n    at async _runTestsForDescribeBlock (C:\\Projects\\Other-Projects\\z-news\\z-news-server\\node_modules\\.pnpm\\jest-circus@30.2.0\\node_modules\\jest-circus\\build\\jestAdapterInit.js:857:11)\n    at async run (C:\\Projects\\Other-Projects\\z-news\\z-news-server\\node_modules\\.pnpm\\jest-circus@30.2.0\\node_modules\\jest-circus\\build\\jestAdapterInit.js:761:3)\n    at async runAndTransformResultsToJestFormat (C:\\Projects\\Other-Projects\\z-news\\z-news-server\\node_modules\\.pnpm\\jest-circus@30.2.0\\node_modules\\jest-circus\\build\\jestAdapterInit.js:1918:21)\n    at async jestAdapter (C:\\Projects\\Other-Projects\\z-news\\z-news-server\\node_modules\\.pnpm\\jest-circus@30.2.0\\node_modules\\jest-circus\\build\\runner.js:101:19)\n    at async runTestInternal (C:\\Projects\\Other-Projects\\z-news\\z-news-server\\node_modules\\.pnpm\\jest-runner@30.2.0\\node_modules\\jest-runner\\build\\index.js:275:16)\n    at async runTest (C:\\Projects\\Other-Projects\\z-news\\z-news-server\\node_modules\\.pnpm\\jest-runner@30.2.0\\node_modules\\jest-runner\\build\\index.js:343:7)"],"fullName":"CategoryService.deleteCategoryPermanent should throw 404 when category not found","invocations":1,"location":null,"numPassingAsserts":0,"retryReasons":[],"startAt":1772432468097,"status":"failed","title":"should throw 404 when category not found"},{"ancestorTitles":["CategoryService.restoreCategory"],"duration":0,"failing":false,"failureDetails":[],"failureMessages":[],"fullName":"CategoryService.restoreCategory should restore a deleted category","invocations":1,"location":null,"numPassingAsserts":1,"retryReasons":[],"startAt":1772432468100,"status":"passed","title":"should restore a deleted category"},{"ancestorTitles":["CategoryService.restoreCategory"],"duration":1,"failing":false,"failureDetails":[{"matcherResult":{"message":"\u001b[2mexpect(\u001b[22m\u001b[31mreceived\u001b[39m\u001b[2m).\u001b[22mrejects\u001b[2m.\u001b[22mtoMatchObject\u001b[2m(\u001b[22m\u001b[32mexpected\u001b[39m\u001b[2m)\u001b[22m\n\n\u001b[32m- Expected  - 4\u001b[39m\n\u001b[31m+ Received  + 1\u001b[39m\n\n\u001b[32m- Object {\u001b[39m\n\u001b[32m-   \"message\": \"Category not found or not deleted\",\u001b[39m\n\u001b[32m-   \"statusCode\": 404,\u001b[39m\n\u001b[32m- }\u001b[39m\n\u001b[31m+ [AppError: Category not found or not deleted]\u001b[39m","pass":false},"message":"\u001b[2mexpect(\u001b[22m\u001b[31mreceived\u001b[39m\u001b[2m).\u001b[22mrejects\u001b[2m.\u001b[22mtoMatchObject\u001b[2m(\u001b[22m\u001b[32mexpected\u001b[39m\u001b[2m)\u001b[22m\n\n\u001b[32m- Expected  - 4\u001b[39m\n\u001b[31m+ Received  + 1\u001b[39m\n\n\u001b[32m- Object {\u001b[39m\n\u001b[32m-   \"message\": \"Category not found or not deleted\",\u001b[39m\n\u001b[32m-   \"statusCode\": 404,\u001b[39m\n\u001b[32m- }\u001b[39m\n\u001b[31m+ [AppError: Category not found or not deleted]\u001b[39m"}],"failureMessages":["Error: \u001b[2mexpect(\u001b[22m\u001b[31mreceived\u001b[39m\u001b[2m).\u001b[22mrejects\u001b[2m.\u001b[22mtoMatchObject\u001b[2m(\u001b[22m\u001b[32mexpected\u001b[39m\u001b[2m)\u001b[22m\n\n\u001b[32m- Expected  - 4\u001b[39m\n\u001b[31m+ Received  + 1\u001b[39m\n\n\u001b[32m- Object {\u001b[39m\n\u001b[32m-   \"message\": \"Category not found or not deleted\",\u001b[39m\n\u001b[32m-   \"statusCode\": 404,\u001b[39m\n\u001b[32m- }\u001b[39m\n\u001b[31m+ [AppError: Category not found or not deleted]\u001b[39m\n    at Object.toMatchObject (C:\\Projects\\Other-Projects\\z-news\\z-news-server\\node_modules\\.pnpm\\expect@30.2.0\\node_modules\\expect\\build\\index.js:2155:20)\n    at Object.<anonymous> (C:\\Projects\\Other-Projects\\z-news\\z-news-server\\src\\app\\modules\\category\\__tests__\\category.service.test.ts:252:15)\n    at Promise.finally.completed (C:\\Projects\\Other-Projects\\z-news\\z-news-server\\node_modules\\.pnpm\\jest-circus@30.2.0\\node_modules\\jest-circus\\build\\jestAdapterInit.js:1557:28)\n    at new Promise (<anonymous>)\n    at callAsyncCircusFn (C:\\Projects\\Other-Projects\\z-news\\z-news-server\\node_modules\\.pnpm\\jest-circus@30.2.0\\node_modules\\jest-circus\\build\\jestAdapterInit.js:1497:10)\n    at _callCircusTest (C:\\Projects\\Other-Projects\\z-news\\z-news-server\\node_modules\\.pnpm\\jest-circus@30.2.0\\node_modules\\jest-circus\\build\\jestAdapterInit.js:1007:40)\n    at async _runTest (C:\\Projects\\Other-Projects\\z-news\\z-news-server\\node_modules\\.pnpm\\jest-circus@30.2.0\\node_modules\\jest-circus\\build\\jestAdapterInit.js:947:3)\n    at async C:\\Projects\\Other-Projects\\z-news\\z-news-server\\node_modules\\.pnpm\\jest-circus@30.2.0\\node_modules\\jest-circus\\build\\jestAdapterInit.js:849:7\n    at async _runTestsForDescribeBlock (C:\\Projects\\Other-Projects\\z-news\\z-news-server\\node_modules\\.pnpm\\jest-circus@30.2.0\\node_modules\\jest-circus\\build\\jestAdapterInit.js:862:11)\n    at async _runTestsForDescribeBlock (C:\\Projects\\Other-Projects\\z-news\\z-news-server\\node_modules\\.pnpm\\jest-circus@30.2.0\\node_modules\\jest-circus\\build\\jestAdapterInit.js:857:11)\n    at async run (C:\\Projects\\Other-Projects\\z-news\\z-news-server\\node_modules\\.pnpm\\jest-circus@30.2.0\\node_modules\\jest-circus\\build\\jestAdapterInit.js:761:3)\n    at async runAndTransformResultsToJestFormat (C:\\Projects\\Other-Projects\\z-news\\z-news-server\\node_modules\\.pnpm\\jest-circus@30.2.0\\node_modules\\jest-circus\\build\\jestAdapterInit.js:1918:21)\n    at async jestAdapter (C:\\Projects\\Other-Projects\\z-news\\z-news-server\\node_modules\\.pnpm\\jest-circus@30.2.0\\node_modules\\jest-circus\\build\\runner.js:101:19)\n    at async runTestInternal (C:\\Projects\\Other-Projects\\z-news\\z-news-server\\node_modules\\.pnpm\\jest-runner@30.2.0\\node_modules\\jest-runner\\build\\index.js:275:16)\n    at async runTest (C:\\Projects\\Other-Projects\\z-news\\z-news-server\\node_modules\\.pnpm\\jest-runner@30.2.0\\node_modules\\jest-runner\\build\\index.js:343:7)"],"fullName":"CategoryService.restoreCategory should throw 404 when category not found or not deleted","invocations":1,"location":null,"numPassingAsserts":0,"retryReasons":[],"startAt":1772432468100,"status":"failed","title":"should throw 404 when category not found or not deleted"},{"ancestorTitles":["CategoryService.insertCategoriesFromFile"],"duration":1,"failing":false,"failureDetails":[{"matcherResult":{"message":"\u001b[2mexpect(\u001b[22m\u001b[31mreceived\u001b[39m\u001b[2m).\u001b[22mrejects\u001b[2m.\u001b[22mtoMatchObject\u001b[2m(\u001b[22m\u001b[32mexpected\u001b[39m\u001b[2m)\u001b[22m\n\n\u001b[32m- Expected  - 3\u001b[39m\n\u001b[31m+ Received  + 1\u001b[39m\n\n\u001b[32m- Object {\u001b[39m\n\u001b[32m-   \"statusCode\": 400,\u001b[39m\n\u001b[32m- }\u001b[39m\n\u001b[31m+ [AppError: No file uploaded]\u001b[39m","pass":false},"message":"\u001b[2mexpect(\u001b[22m\u001b[31mreceived\u001b[39m\u001b[2m).\u001b[22mrejects\u001b[2m.\u001b[22mtoMatchObject\u001b[2m(\u001b[22m\u001b[32mexpected\u001b[39m\u001b[2m)\u001b[22m\n\n\u001b[32m- Expected  - 3\u001b[39m\n\u001b[31m+ Received  + 1\u001b[39m\n\n\u001b[32m- Object {\u001b[39m\n\u001b[32m-   \"statusCode\": 400,\u001b[39m\n\u001b[32m- }\u001b[39m\n\u001b[31m+ [AppError: No file uploaded]\u001b[39m"}],"failureMessages":["Error: \u001b[2mexpect(\u001b[22m\u001b[31mreceived\u001b[39m\u001b[2m).\u001b[22mrejects\u001b[2m.\u001b[22mtoMatchObject\u001b[2m(\u001b[22m\u001b[32mexpected\u001b[39m\u001b[2m)\u001b[22m\n\n\u001b[32m- Expected  - 3\u001b[39m\n\u001b[31m+ Received  + 1\u001b[39m\n\n\u001b[32m- Object {\u001b[39m\n\u001b[32m-   \"statusCode\": 400,\u001b[39m\n\u001b[32m- }\u001b[39m\n\u001b[31m+ [AppError: No file uploaded]\u001b[39m\n    at Object.toMatchObject (C:\\Projects\\Other-Projects\\z-news\\z-news-server\\node_modules\\.pnpm\\expect@30.2.0\\node_modules\\expect\\build\\index.js:2155:20)\n    at Object.<anonymous> (C:\\Projects\\Other-Projects\\z-news\\z-news-server\\src\\app\\modules\\category\\__tests__\\category.service.test.ts:265:15)\n    at Promise.finally.completed (C:\\Projects\\Other-Projects\\z-news\\z-news-server\\node_modules\\.pnpm\\jest-circus@30.2.0\\node_modules\\jest-circus\\build\\jestAdapterInit.js:1557:28)\n    at new Promise (<anonymous>)\n    at callAsyncCircusFn (C:\\Projects\\Other-Projects\\z-news\\z-news-server\\node_modules\\.pnpm\\jest-circus@30.2.0\\node_modules\\jest-circus\\build\\jestAdapterInit.js:1497:10)\n    at _callCircusTest (C:\\Projects\\Other-Projects\\z-news\\z-news-server\\node_modules\\.pnpm\\jest-circus@30.2.0\\node_modules\\jest-circus\\build\\jestAdapterInit.js:1007:40)\n    at async _runTest (C:\\Projects\\Other-Projects\\z-news\\z-news-server\\node_modules\\.pnpm\\jest-circus@30.2.0\\node_modules\\jest-circus\\build\\jestAdapterInit.js:947:3)\n    at async C:\\Projects\\Other-Projects\\z-news\\z-news-server\\node_modules\\.pnpm\\jest-circus@30.2.0\\node_modules\\jest-circus\\build\\jestAdapterInit.js:849:7\n    at async _runTestsForDescribeBlock (C:\\Projects\\Other-Projects\\z-news\\z-news-server\\node_modules\\.pnpm\\jest-circus@30.2.0\\node_modules\\jest-circus\\build\\jestAdapterInit.js:862:11)\n    at async _runTestsForDescribeBlock (C:\\Projects\\Other-Projects\\z-news\\z-news-server\\node_modules\\.pnpm\\jest-circus@30.2.0\\node_modules\\jest-circus\\build\\jestAdapterInit.js:857:11)\n    at async run (C:\\Projects\\Other-Projects\\z-news\\z-news-server\\node_modules\\.pnpm\\jest-circus@30.2.0\\node_modules\\jest-circus\\build\\jestAdapterInit.js:761:3)\n    at async runAndTransformResultsToJestFormat (C:\\Projects\\Other-Projects\\z-news\\z-news-server\\node_modules\\.pnpm\\jest-circus@30.2.0\\node_modules\\jest-circus\\build\\jestAdapterInit.js:1918:21)\n    at async jestAdapter (C:\\Projects\\Other-Projects\\z-news\\z-news-server\\node_modules\\.pnpm\\jest-circus@30.2.0\\node_modules\\jest-circus\\build\\runner.js:101:19)\n    at async runTestInternal (C:\\Projects\\Other-Projects\\z-news\\z-news-server\\node_modules\\.pnpm\\jest-runner@30.2.0\\node_modules\\jest-runner\\build\\index.js:275:16)\n    at async runTest (C:\\Projects\\Other-Projects\\z-news\\z-news-server\\node_modules\\.pnpm\\jest-runner@30.2.0\\node_modules\\jest-runner\\build\\index.js:343:7)"],"fullName":"CategoryService.insertCategoriesFromFile should throw 400 when no file is provided","invocations":1,"location":null,"numPassingAsserts":0,"retryReasons":[],"startAt":1772432468102,"status":"failed","title":"should throw 400 when no file is provided"},{"ancestorTitles":["CategoryService.insertCategoriesFromFile"],"duration":1,"failing":false,"failureDetails":[],"failureMessages":[],"fullName":"CategoryService.insertCategoriesFromFile should parse JSON from file buffer and return count","invocations":1,"location":null,"numPassingAsserts":2,"retryReasons":[],"startAt":1772432468103,"status":"passed","title":"should parse JSON from file buffer and return count"},{"ancestorTitles":["CategoryService.deleteCategories"],"duration":1,"failing":false,"failureDetails":[],"failureMessages":[],"fullName":"CategoryService.deleteCategories should soft-delete found ids and report missing ones","invocations":1,"location":null,"numPassingAsserts":2,"retryReasons":[],"startAt":1772432468104,"status":"passed","title":"should soft-delete found ids and report missing ones"}],"endTime":1772432468154,"message":"\u001b[1m\u001b[31m  \u001b[1m● \u001b[22m\u001b[1mCategoryService.getPublicCategory › should throw 404 AppError when slug not found\u001b[39m\u001b[22m\n\n    \u001b[2mexpect(\u001b[22m\u001b[31mreceived\u001b[39m\u001b[2m).\u001b[22mrejects\u001b[2m.\u001b[22mtoMatchObject\u001b[2m(\u001b[22m\u001b[32mexpected\u001b[39m\u001b[2m)\u001b[22m\n\n    \u001b[32m- Expected  - 4\u001b[39m\n    \u001b[31m+ Received  + 1\u001b[39m\n\n    \u001b[32m- Object {\u001b[39m\n    \u001b[32m-   \"message\": \"Category not found\",\u001b[39m\n    \u001b[32m-   \"statusCode\": 404,\u001b[39m\n    \u001b[32m- }\u001b[39m\n    \u001b[31m+ [AppError: Category not found]\u001b[39m\n\u001b[2m\u001b[22m\n\u001b[2m    \u001b[0m \u001b[90m 83 |\u001b[39m     \u001b[36mawait\u001b[39m expect(\u001b[22m\n\u001b[2m     \u001b[90m 84 |\u001b[39m       \u001b[33mCategoryService\u001b[39m\u001b[33m.\u001b[39mgetPublicCategory(\u001b[32m'unknown-slug'\u001b[39m)\u001b[33m,\u001b[39m\u001b[22m\n\u001b[2m    \u001b[31m\u001b[1m>\u001b[22m\u001b[2m\u001b[39m\u001b[90m 85 |\u001b[39m     )\u001b[33m.\u001b[39mrejects\u001b[33m.\u001b[39mtoMatchObject({\u001b[22m\n\u001b[2m     \u001b[90m    |\u001b[39m               \u001b[31m\u001b[1m^\u001b[22m\u001b[2m\u001b[39m\u001b[22m\n\u001b[2m     \u001b[90m 86 |\u001b[39m       statusCode\u001b[33m:\u001b[39m httpStatus\u001b[33m.\u001b[39m\u001b[33mNOT_FOUND\u001b[39m\u001b[33m,\u001b[39m\u001b[22m\n\u001b[2m     \u001b[90m 87 |\u001b[39m       message\u001b[33m:\u001b[39m \u001b[32m'Category not found'\u001b[39m\u001b[33m,\u001b[39m\u001b[22m\n\u001b[2m     \u001b[90m 88 |\u001b[39m     })\u001b[33m;\u001b[39m\u001b[0m\u001b[22m\n\u001b[2m\u001b[22m\n\u001b[2m      \u001b[2mat Object.toMatchObject (\u001b[22m\u001b[2mnode_modules/.pnpm/expect@30.2.0/node_modules/expect/build/index.js\u001b[2m:2155:20)\u001b[22m\u001b[2m\u001b[22m\n\u001b[2m      \u001b[2mat Object.<anonymous> (\u001b[22m\u001b[2m\u001b[0m\u001b[36msrc/app/modules/category/__tests__/category.service.test.ts\u001b[39m\u001b[0m\u001b[2m:85:15)\u001b[22m\u001b[2m\u001b[22m\n\n\u001b[1m\u001b[31m  \u001b[1m● \u001b[22m\u001b[1mCategoryService.getCategory › should throw 404 when id not found\u001b[39m\u001b[22m\n\n    \u001b[2mexpect(\u001b[22m\u001b[31mreceived\u001b[39m\u001b[2m).\u001b[22mrejects\u001b[2m.\u001b[22mtoMatchObject\u001b[2m(\u001b[22m\u001b[32mexpected\u001b[39m\u001b[2m)\u001b[22m\n\n    \u001b[32m- Expected  - 3\u001b[39m\n    \u001b[31m+ Received  + 1\u001b[39m\n\n    \u001b[32m- Object {\u001b[39m\n    \u001b[32m-   \"statusCode\": 404,\u001b[39m\n    \u001b[32m- }\u001b[39m\n    \u001b[31m+ [AppError: Category not found]\u001b[39m\n\u001b[2m\u001b[22m\n\u001b[2m    \u001b[0m \u001b[90m 109 |\u001b[39m     \u001b[36mawait\u001b[39m expect(\u001b[22m\n\u001b[2m     \u001b[90m 110 |\u001b[39m       \u001b[33mCategoryService\u001b[39m\u001b[33m.\u001b[39mgetCategory(\u001b[32m'507f1f77bcf86cd799439099'\u001b[39m)\u001b[33m,\u001b[39m\u001b[22m\n\u001b[2m    \u001b[31m\u001b[1m>\u001b[22m\u001b[2m\u001b[39m\u001b[90m 111 |\u001b[39m     )\u001b[33m.\u001b[39mrejects\u001b[33m.\u001b[39mtoMatchObject({\u001b[22m\n\u001b[2m     \u001b[90m     |\u001b[39m               \u001b[31m\u001b[1m^\u001b[22m\u001b[2m\u001b[39m\u001b[22m\n\u001b[2m     \u001b[90m 112 |\u001b[39m       statusCode\u001b[33m:\u001b[39m httpStatus\u001b[33m.\u001b[39m\u001b[33mNOT_FOUND\u001b[39m\u001b[33m,\u001b[39m\u001b[22m\n\u001b[2m     \u001b[90m 113 |\u001b[39m     })\u001b[33m;\u001b[39m\u001b[22m\n\u001b[2m     \u001b[90m 114 |\u001b[39m   })\u001b[33m;\u001b[39m\u001b[0m\u001b[22m\n\u001b[2m\u001b[22m\n\u001b[2m      \u001b[2mat Object.toMatchObject (\u001b[22m\u001b[2mnode_modules/.pnpm/expect@30.2.0/node_modules/expect/build/index.js\u001b[2m:2155:20)\u001b[22m\u001b[2m\u001b[22m\n\u001b[2m      \u001b[2mat Object.<anonymous> (\u001b[22m\u001b[2m\u001b[0m\u001b[36msrc/app/modules/category/__tests__/category.service.test.ts\u001b[39m\u001b[0m\u001b[2m:111:15)\u001b[22m\u001b[2m\u001b[22m\n\n\u001b[1m\u001b[31m  \u001b[1m● \u001b[22m\u001b[1mCategoryService.updateCategory › should throw 404 if category does not exist\u001b[39m\u001b[22m\n\n    \u001b[2mexpect(\u001b[22m\u001b[31mreceived\u001b[39m\u001b[2m).\u001b[22mrejects\u001b[2m.\u001b[22mtoMatchObject\u001b[2m(\u001b[22m\u001b[32mexpected\u001b[39m\u001b[2m)\u001b[22m\n\n    \u001b[32m- Expected  - 3\u001b[39m\n    \u001b[31m+ Received  + 1\u001b[39m\n\n    \u001b[32m- Object {\u001b[39m\n    \u001b[32m-   \"statusCode\": 404,\u001b[39m\n    \u001b[32m- }\u001b[39m\n    \u001b[31m+ [AppError: Category not found]\u001b[39m\n\u001b[2m\u001b[22m\n\u001b[2m    \u001b[0m \u001b[90m 147 |\u001b[39m         name\u001b[33m:\u001b[39m \u001b[32m'X'\u001b[39m\u001b[33m,\u001b[39m\u001b[22m\n\u001b[2m     \u001b[90m 148 |\u001b[39m       })\u001b[33m,\u001b[39m\u001b[22m\n\u001b[2m    \u001b[31m\u001b[1m>\u001b[22m\u001b[2m\u001b[39m\u001b[90m 149 |\u001b[39m     )\u001b[33m.\u001b[39mrejects\u001b[33m.\u001b[39mtoMatchObject({\u001b[22m\n\u001b[2m     \u001b[90m     |\u001b[39m               \u001b[31m\u001b[1m^\u001b[22m\u001b[2m\u001b[39m\u001b[22m\n\u001b[2m     \u001b[90m 150 |\u001b[39m       statusCode\u001b[33m:\u001b[39m httpStatus\u001b[33m.\u001b[39m\u001b[33mNOT_FOUND\u001b[39m\u001b[33m,\u001b[39m\u001b[22m\n\u001b[2m     \u001b[90m 151 |\u001b[39m     })\u001b[33m;\u001b[39m\u001b[22m\n\u001b[2m     \u001b[90m 152 |\u001b[39m     expect(\u001b[33mCategoryRepository\u001b[39m\u001b[33m.\u001b[39mupdateById)\u001b[33m.\u001b[39mnot\u001b[33m.\u001b[39mtoHaveBeenCalled()\u001b[33m;\u001b[39m\u001b[0m\u001b[22m\n\u001b[2m\u001b[22m\n\u001b[2m      \u001b[2mat Object.toMatchObject (\u001b[22m\u001b[2mnode_modules/.pnpm/expect@30.2.0/node_modules/expect/build/index.js\u001b[2m:2155:20)\u001b[22m\u001b[2m\u001b[22m\n\u001b[2m      \u001b[2mat Object.<anonymous> (\u001b[22m\u001b[2m\u001b[0m\u001b[36msrc/app/modules/category/__tests__/category.service.test.ts\u001b[39m\u001b[0m\u001b[2m:149:15)\u001b[22m\u001b[2m\u001b[22m\n\n\u001b[1m\u001b[31m  \u001b[1m● \u001b[22m\u001b[1mCategoryService.deleteCategory › should throw 404 when category not found\u001b[39m\u001b[22m\n\n    \u001b[2mexpect(\u001b[22m\u001b[31mreceived\u001b[39m\u001b[2m).\u001b[22mrejects\u001b[2m.\u001b[22mtoMatchObject\u001b[2m(\u001b[22m\u001b[32mexpected\u001b[39m\u001b[2m)\u001b[22m\n\n    \u001b[32m- Expected  - 3\u001b[39m\n    \u001b[31m+ Received  + 1\u001b[39m\n\n    \u001b[32m- Object {\u001b[39m\n    \u001b[32m-   \"statusCode\": 404,\u001b[39m\n    \u001b[32m- }\u001b[39m\n    \u001b[31m+ [AppError: Category not found]\u001b[39m\n\u001b[2m\u001b[22m\n\u001b[2m    \u001b[0m \u001b[90m 198 |\u001b[39m     \u001b[36mawait\u001b[39m expect(\u001b[22m\n\u001b[2m     \u001b[90m 199 |\u001b[39m       \u001b[33mCategoryService\u001b[39m\u001b[33m.\u001b[39mdeleteCategory(\u001b[32m'507f1f77bcf86cd799439099'\u001b[39m)\u001b[33m,\u001b[39m\u001b[22m\n\u001b[2m    \u001b[31m\u001b[1m>\u001b[22m\u001b[2m\u001b[39m\u001b[90m 200 |\u001b[39m     )\u001b[33m.\u001b[39mrejects\u001b[33m.\u001b[39mtoMatchObject({ statusCode\u001b[33m:\u001b[39m httpStatus\u001b[33m.\u001b[39m\u001b[33mNOT_FOUND\u001b[39m })\u001b[33m;\u001b[39m\u001b[22m\n\u001b[2m     \u001b[90m     |\u001b[39m               \u001b[31m\u001b[1m^\u001b[22m\u001b[2m\u001b[39m\u001b[22m\n\u001b[2m     \u001b[90m 201 |\u001b[39m   })\u001b[33m;\u001b[39m\u001b[22m\n\u001b[2m     \u001b[90m 202 |\u001b[39m })\u001b[33m;\u001b[39m\u001b[22m\n\u001b[2m     \u001b[90m 203 |\u001b[39m\u001b[0m\u001b[22m\n\u001b[2m\u001b[22m\n\u001b[2m      \u001b[2mat Object.toMatchObject (\u001b[22m\u001b[2mnode_modules/.pnpm/expect@30.2.0/node_modules/expect/build/index.js\u001b[2m:2155:20)\u001b[22m\u001b[2m\u001b[22m\n\u001b[2m      \u001b[2mat Object.<anonymous> (\u001b[22m\u001b[2m\u001b[0m\u001b[36msrc/app/modules/category/__tests__/category.service.test.ts\u001b[39m\u001b[0m\u001b[2m:200:15)\u001b[22m\u001b[2m\u001b[22m\n\n\u001b[1m\u001b[31m  \u001b[1m● \u001b[22m\u001b[1mCategoryService.deleteCategoryPermanent › should throw 404 when category not found\u001b[39m\u001b[22m\n\n    \u001b[2mexpect(\u001b[22m\u001b[31mreceived\u001b[39m\u001b[2m).\u001b[22mrejects\u001b[2m.\u001b[22mtoMatchObject\u001b[2m(\u001b[22m\u001b[32mexpected\u001b[39m\u001b[2m)\u001b[22m\n\n    \u001b[32m- Expected  - 3\u001b[39m\n    \u001b[31m+ Received  + 1\u001b[39m\n\n    \u001b[32m- Object {\u001b[39m\n    \u001b[32m-   \"statusCode\": 404,\u001b[39m\n    \u001b[32m- }\u001b[39m\n    \u001b[31m+ [AppError: Category not found]\u001b[39m\n\u001b[2m\u001b[22m\n\u001b[2m    \u001b[0m \u001b[90m 227 |\u001b[39m     \u001b[36mawait\u001b[39m expect(\u001b[22m\n\u001b[2m     \u001b[90m 228 |\u001b[39m       \u001b[33mCategoryService\u001b[39m\u001b[33m.\u001b[39mdeleteCategoryPermanent(\u001b[32m'507f1f77bcf86cd799439099'\u001b[39m)\u001b[33m,\u001b[39m\u001b[22m\n\u001b[2m    \u001b[31m\u001b[1m>\u001b[22m\u001b[2m\u001b[39m\u001b[90m 229 |\u001b[39m     )\u001b[33m.\u001b[39mrejects\u001b[33m.\u001b[39mtoMatchObject({ statusCode\u001b[33m:\u001b[39m httpStatus\u001b[33m.\u001b[39m\u001b[33mNOT_FOUND\u001b[39m })\u001b[33m;\u001b[39m\u001b[22m\n\u001b[2m     \u001b[90m     |\u001b[39m               \u001b[31m\u001b[1m^\u001b[22m\u001b[2m\u001b[39m\u001b[22m\n\u001b[2m     \u001b[90m 230 |\u001b[39m   })\u001b[33m;\u001b[39m\u001b[22m\n\u001b[2m     \u001b[90m 231 |\u001b[39m })\u001b[33m;\u001b[39m\u001b[22m\n\u001b[2m     \u001b[90m 232 |\u001b[39m\u001b[0m\u001b[22m\n\u001b[2m\u001b[22m\n\u001b[2m      \u001b[2mat Object.toMatchObject (\u001b[22m\u001b[2mnode_modules/.pnpm/expect@30.2.0/node_modules/expect/build/index.js\u001b[2m:2155:20)\u001b[22m\u001b[2m\u001b[22m\n\u001b[2m      \u001b[2mat Object.<anonymous> (\u001b[22m\u001b[2m\u001b[0m\u001b[36msrc/app/modules/category/__tests__/category.service.test.ts\u001b[39m\u001b[0m\u001b[2m:229:15)\u001b[22m\u001b[2m\u001b[22m\n\n\u001b[1m\u001b[31m  \u001b[1m● \u001b[22m\u001b[1mCategoryService.restoreCategory › should throw 404 when category not found or not deleted\u001b[39m\u001b[22m\n\n    \u001b[2mexpect(\u001b[22m\u001b[31mreceived\u001b[39m\u001b[2m).\u001b[22mrejects\u001b[2m.\u001b[22mtoMatchObject\u001b[2m(\u001b[22m\u001b[32mexpected\u001b[39m\u001b[2m)\u001b[22m\n\n    \u001b[32m- Expected  - 4\u001b[39m\n    \u001b[31m+ Received  + 1\u001b[39m\n\n    \u001b[32m- Object {\u001b[39m\n    \u001b[32m-   \"message\": \"Category not found or not deleted\",\u001b[39m\n    \u001b[32m-   \"statusCode\": 404,\u001b[39m\n    \u001b[32m- }\u001b[39m\n    \u001b[31m+ [AppError: Category not found or not deleted]\u001b[39m\n\u001b[2m\u001b[22m\n\u001b[2m    \u001b[0m \u001b[90m 250 |\u001b[39m     \u001b[36mawait\u001b[39m expect(\u001b[22m\n\u001b[2m     \u001b[90m 251 |\u001b[39m       \u001b[33mCategoryService\u001b[39m\u001b[33m.\u001b[39mrestoreCategory(\u001b[32m'507f1f77bcf86cd799439099'\u001b[39m)\u001b[33m,\u001b[39m\u001b[22m\n\u001b[2m    \u001b[31m\u001b[1m>\u001b[22m\u001b[2m\u001b[39m\u001b[90m 252 |\u001b[39m     )\u001b[33m.\u001b[39mrejects\u001b[33m.\u001b[39mtoMatchObject({\u001b[22m\n\u001b[2m     \u001b[90m     |\u001b[39m               \u001b[31m\u001b[1m^\u001b[22m\u001b[2m\u001b[39m\u001b[22m\n\u001b[2m     \u001b[90m 253 |\u001b[39m       statusCode\u001b[33m:\u001b[39m httpStatus\u001b[33m.\u001b[39m\u001b[33mNOT_FOUND\u001b[39m\u001b[33m,\u001b[39m\u001b[22m\n\u001b[2m     \u001b[90m 254 |\u001b[39m       message\u001b[33m:\u001b[39m \u001b[32m'Category not found or not deleted'\u001b[39m\u001b[33m,\u001b[39m\u001b[22m\n\u001b[2m     \u001b[90m 255 |\u001b[39m     })\u001b[33m;\u001b[39m\u001b[0m\u001b[22m\n\u001b[2m\u001b[22m\n\u001b[2m      \u001b[2mat Object.toMatchObject (\u001b[22m\u001b[2mnode_modules/.pnpm/expect@30.2.0/node_modules/expect/build/index.js\u001b[2m:2155:20)\u001b[22m\u001b[2m\u001b[22m\n\u001b[2m      \u001b[2mat Object.<anonymous> (\u001b[22m\u001b[2m\u001b[0m\u001b[36msrc/app/modules/category/__tests__/category.service.test.ts\u001b[39m\u001b[0m\u001b[2m:252:15)\u001b[22m\u001b[2m\u001b[22m\n\n\u001b[1m\u001b[31m  \u001b[1m● \u001b[22m\u001b[1mCategoryService.insertCategoriesFromFile › should throw 400 when no file is provided\u001b[39m\u001b[22m\n\n    \u001b[2mexpect(\u001b[22m\u001b[31mreceived\u001b[39m\u001b[2m).\u001b[22mrejects\u001b[2m.\u001b[22mtoMatchObject\u001b[2m(\u001b[22m\u001b[32mexpected\u001b[39m\u001b[2m)\u001b[22m\n\n    \u001b[32m- Expected  - 3\u001b[39m\n    \u001b[31m+ Received  + 1\u001b[39m\n\n    \u001b[32m- Object {\u001b[39m\n    \u001b[32m-   \"statusCode\": 400,\u001b[39m\n    \u001b[32m- }\u001b[39m\n    \u001b[31m+ [AppError: No file uploaded]\u001b[39m\n\u001b[2m\u001b[22m\n\u001b[2m    \u001b[0m \u001b[90m 263 |\u001b[39m     \u001b[36mawait\u001b[39m expect(\u001b[22m\n\u001b[2m     \u001b[90m 264 |\u001b[39m       \u001b[33mCategoryService\u001b[39m\u001b[33m.\u001b[39minsertCategoriesFromFile(undefined)\u001b[33m,\u001b[39m\u001b[22m\n\u001b[2m    \u001b[31m\u001b[1m>\u001b[22m\u001b[2m\u001b[39m\u001b[90m 265 |\u001b[39m     )\u001b[33m.\u001b[39mrejects\u001b[33m.\u001b[39mtoMatchObject({ statusCode\u001b[33m:\u001b[39m httpStatus\u001b[33m.\u001b[39m\u001b[33mBAD_REQUEST\u001b[39m })\u001b[33m;\u001b[39m\u001b[22m\n\u001b[2m     \u001b[90m     |\u001b[39m               \u001b[31m\u001b[1m^\u001b[22m\u001b[2m\u001b[39m\u001b[22m\n\u001b[2m     \u001b[90m 266 |\u001b[39m   })\u001b[33m;\u001b[39m\u001b[22m\n\u001b[2m     \u001b[90m 267 |\u001b[39m\u001b[22m\n\u001b[2m     \u001b[90m 268 |\u001b[39m   it(\u001b[32m'should parse JSON from file buffer and return count'\u001b[39m\u001b[33m,\u001b[39m \u001b[36masync\u001b[39m () \u001b[33m=>\u001b[39m {\u001b[0m\u001b[22m\n\u001b[2m\u001b[22m\n\u001b[2m      \u001b[2mat Object.toMatchObject (\u001b[22m\u001b[2mnode_modules/.pnpm/expect@30.2.0/node_modules/expect/build/index.js\u001b[2m:2155:20)\u001b[22m\u001b[2m\u001b[22m\n\u001b[2m      \u001b[2mat Object.<anonymous> (\u001b[22m\u001b[2m\u001b[0m\u001b[36msrc/app/modules/category/__tests__/category.service.test.ts\u001b[39m\u001b[0m\u001b[2m:265:15)\u001b[22m\u001b[2m\u001b[22m\n","name":"C:\\Projects\\Other-Projects\\z-news\\z-news-server\\src\\app\\modules\\category\\__tests__\\category.service.test.ts","startTime":1772432462889,"status":"failed","summary":""}],"wasInterrupted":false}
